<?xml version="1.0" encoding="UTF-8"?>
<!-- Generated by org.testng.reporters.JUnitReportReporter -->
<testsuite hostname="LAPTOP-LEUFG7H0" failures="0" tests="3" name="testpackage.TestClass" time="0.021" errors="0" timestamp="2024-09-14T10:25:44 IST" skipped="0">
  <testcase classname="testpackage.TestClass" name="openBrowser" time="0.016">
    <system-out>
      <![CDATA[Browser opened successfully]]>
    </system-out>
  </testcase> <!-- openBrowser -->
  <testcase classname="testpackage.TestClass" name="register" time="0.002">
    <system-out>
      <![CDATA[Registered successfully]]>
    </system-out>
  </testcase> <!-- register -->
  <testcase classname="testpackage.TestClass" name="login" time="0.003">
    <system-out>
      <![CDATA[Login successfully]]>
    </system-out>
  </testcase> <!-- login -->
  <system-out>
    <![CDATA[Browser opened successfully
Registered successfully
Login successfully]]>
  </system-out>
</testsuite> <!-- testpackage.TestClass -->
