<?xml version="1.0" encoding="UTF-8"?>
<!-- Generated by org.testng.reporters.JUnitReportReporter -->
<testsuite hostname="LAPTOP-LEUFG7H0" failures="0" tests="7" name="testpackage.DependonMethod" time="0.020" errors="0" timestamp="2024-09-14T11:51:50 IST" skipped="1">
  <testcase classname="testpackage.DependonMethod" name="openBrowser" time="0.002">
    <system-out>
      <![CDATA[Browser opened successfully]]>
    </system-out>
  </testcase> <!-- openBrowser -->
  <testcase classname="testpackage.DependonMethod" name="register" time="0.002">
    <system-out>
      <![CDATA[Registered successfully]]>
    </system-out>
  </testcase> <!-- register -->
  <testcase classname="testpackage.DependonMethod" name="openBrowser" time="0.010">
    <system-out>
      <![CDATA[Browser opened successfully]]>
    </system-out>
  </testcase> <!-- openBrowser -->
  <testcase classname="testpackage.DependonMethod" name="action" time="0.003">
    <system-out>
      <![CDATA[WebElement actions]]>
    </system-out>
  </testcase> <!-- action -->
  <testcase classname="testpackage.DependonMethod" name="login" time="0.001">
    <system-out>
      <![CDATA[Login successfully]]>
    </system-out>
  </testcase> <!-- login -->
  <testcase classname="testpackage.DependonMethod" name="atest" time="0.002">
    <system-out>
      <![CDATA[Tested successfully]]>
    </system-out>
  </testcase> <!-- atest -->
  <testcase classname="testpackage.DependonMethod" name="btest">
    <skipped/>
  </testcase> <!-- btest -->
  <system-out>
    <![CDATA[Browser opened successfully
Browser opened successfully
Registered successfully
WebElement actions
Tested successfully
Login successfully]]>
  </system-out>
</testsuite> <!-- testpackage.DependonMethod -->
