<?xml version="1.0" encoding="UTF-8"?>
<!-- Generated by org.testng.reporters.JUnitReportReporter -->
<testsuite hostname="LAPTOP-LEUFG7H0" failures="0" tests="1" name="testscript.AddAdress" time="17.774" errors="0" timestamp="2024-09-28T10:11:27 IST" skipped="0">
  <testcase classname="testscript.AddAdress" name="addressPage" time="17.774">
    <system-out>
      <![CDATA[addressPage is Started Execution
Address page is displyed successfully
Add new Address page is dispalyed successfully
Address page dispalyed after new address adding
addressPage is Successfully Executed]]>
    </system-out>
  </testcase> <!-- addressPage -->
  <system-out>
    <![CDATA[Suite is Started
Demo site is loaded successfully
Opening Browser
Login
Login page is displayed successfully
Login is successful
getTitle is Started Execution
Title has been asserted
getTitle is Successfully Executed
Logout
Logout is successful
Closing Browser
Demo site is loaded successfully
Opening Browser
Login
Login page is displayed successfully
Login is successful
purchaseShoe is Started Execution
Apparals and Shoe page is displayed
Blue Shoe is selected and displayed
Blue Shoe is added to the cart successfully
purchaseShoe is Successfully Executed
Logout
Logout is successful
Closing Browser
Demo site is loaded successfully
Opening Browser
Login
Login page is displayed successfully
Login is successful
addressPage is Started Execution
Address page is displyed successfully
Add new Address page is dispalyed successfully
Address page dispalyed after new address adding
addressPage is Successfully Executed
Logout
Logout is successful
Closing Browser]]>
  </system-out>
</testsuite> <!-- testscript.AddAdress -->
