<?xml version="1.0" encoding="UTF-8"?>
<!-- Generated by org.testng.reporters.JUnitReportReporter -->
<testsuite hostname="LAPTOP-LEUFG7H0" failures="1" tests="6" name="testscript.GettingTitle" time="29.924" errors="0" timestamp="2024-09-28T10:44:00 IST" skipped="5">
  <testcase classname="testscript.GettingTitle" name="getTitle" time="4.619">
    <skipped/>
    <system-out>
      <![CDATA[getTitle is Started Execution
getTitle is Skipped]]>
    </system-out>
  </testcase> <!-- getTitle -->
  <testcase classname="testscript.GettingTitle" name="getTitle" time="6.065">
    <skipped/>
    <system-out>
      <![CDATA[getTitle is Started Execution
getTitle is Skipped]]>
    </system-out>
  </testcase> <!-- getTitle -->
  <testcase classname="testscript.GettingTitle" name="getTitle" time="4.713">
    <skipped/>
    <system-out>
      <![CDATA[getTitle is Started Execution
getTitle is Skipped]]>
    </system-out>
  </testcase> <!-- getTitle -->
  <testcase classname="testscript.GettingTitle" name="getTitle" time="4.686">
    <skipped/>
    <system-out>
      <![CDATA[getTitle is Started Execution
getTitle is Skipped]]>
    </system-out>
  </testcase> <!-- getTitle -->
  <testcase classname="testscript.GettingTitle" name="getTitle" time="5.086">
    <skipped/>
    <system-out>
      <![CDATA[getTitle is Started Execution
getTitle is Skipped]]>
    </system-out>
  </testcase> <!-- getTitle -->
  <testcase classname="testscript.GettingTitle" name="getTitle" time="4.755">
    <failure message="null" type="java.lang.AssertionError">
      <![CDATA[java.lang.AssertionError: null
at org.testng.Assert.fail(Assert.java:111)
at org.testng.Assert.fail(Assert.java:116)
at testscript.GettingTitle.getTitle(GettingTitle.java:16)
at java.base/jdk.internal.reflect.NativeMethodAccessorImpl.invoke0(Native Method)
at java.base/jdk.internal.reflect.NativeMethodAccessorImpl.invoke(NativeMethodAccessorImpl.java:77)
at java.base/jdk.internal.reflect.DelegatingMethodAccessorImpl.invoke(DelegatingMethodAccessorImpl.java:43)
at java.base/java.lang.reflect.Method.invoke(Method.java:568)
at org.testng.internal.invokers.MethodInvocationHelper.invokeMethod(MethodInvocationHelper.java:141)
at org.testng.internal.invokers.TestInvoker.invokeMethod(TestInvoker.java:686)
at org.testng.internal.invokers.TestInvoker.retryFailed(TestInvoker.java:269)
at org.testng.internal.invokers.MethodRunner.runInSequence(MethodRunner.java:76)
at org.testng.internal.invokers.TestInvoker$MethodInvocationAgent.invoke(TestInvoker.java:992)
at org.testng.internal.invokers.TestInvoker.invokeTestMethods(TestInvoker.java:203)
at org.testng.internal.invokers.TestMethodWorker.invokeTestMethods(TestMethodWorker.java:154)
at org.testng.internal.invokers.TestMethodWorker.run(TestMethodWorker.java:134)
at java.base/java.util.ArrayList.forEach(ArrayList.java:1511)
at org.testng.TestRunner.privateRun(TestRunner.java:739)
at org.testng.TestRunner.run(TestRunner.java:614)
at org.testng.SuiteRunner.runTest(SuiteRunner.java:421)
at org.testng.SuiteRunner$SuiteWorker.run(SuiteRunner.java:463)
at org.testng.internal.thread.ThreadUtil.lambda$execute$0(ThreadUtil.java:64)
at java.base/java.util.concurrent.FutureTask.run(FutureTask.java:264)
at java.base/java.util.concurrent.ThreadPoolExecutor.runWorker(ThreadPoolExecutor.java:1136)
at java.base/java.util.concurrent.ThreadPoolExecutor$Worker.run(ThreadPoolExecutor.java:635)
at java.base/java.lang.Thread.run(Thread.java:840)
]]>
    </failure>
    <system-out>
      <![CDATA[getTitle is Started Execution
getTitle is Failed in Execution and Screenshot Captured]]>
    </system-out>
  </testcase> <!-- getTitle -->
  <system-out>
    <![CDATA[Suite is Started
Demo site is loaded successfully
Opening Browser
Login
Login page is displayed successfully
Login is successful
getTitle is Started Execution
getTitle is Skipped
Logout
Logout is successful
Login
Login page is displayed successfully
Login is successful
getTitle is Started Execution
getTitle is Skipped
Logout
Logout is successful
Login
Login page is displayed successfully
Login is successful
getTitle is Started Execution
getTitle is Skipped
Logout
Logout is successful
Login
Login page is displayed successfully
Login is successful
getTitle is Started Execution
getTitle is Skipped
Logout
Logout is successful
Login
Login page is displayed successfully
Login is successful
getTitle is Started Execution
getTitle is Skipped
Logout
Logout is successful
Login
Login page is displayed successfully
Login is successful
getTitle is Started Execution
getTitle is Failed in Execution and Screenshot Captured
Logout
Logout is successful
Closing Browser]]>
  </system-out>
</testsuite> <!-- testscript.GettingTitle -->
